[13-May-2017 15:13:25 UTC] PHP Warning:  PHP Startup: Unable to load dynamic library '/usr/lib/php/modules/openssl.so' - /usr/lib/php/modules/openssl.so: cannot open shared object file: No such file or directory in Unknown on line 0
[13-May-2017 15:13:25 UTC] PHP Warning:  PHP Startup: Unable to load dynamic library '/usr/lib/php/modules/phar.so' - /usr/lib/php/modules/phar.so: cannot open shared object file: No such file or directory in Unknown on line 0
[13-May-2017 15:14:26 UTC] PHP Warning:  PHP Startup: Unable to load dynamic library '/usr/lib/php/modules/openssl.so' - /usr/lib/php/modules/openssl.so: cannot open shared object file: No such file or directory in Unknown on line 0
[13-May-2017 15:14:26 UTC] PHP Warning:  PHP Startup: Unable to load dynamic library '/usr/lib/php/modules/phar.so' - /usr/lib/php/modules/phar.so: cannot open shared object file: No such file or directory in Unknown on line 0
[13-May-2017 15:14:26 UTC] PHP Warning:  file_get_contents(): open_basedir restriction in effect. File(/etc/php/php.ini) is not within the allowed path(s): (/srv/http/:/home/:/tmp/:/usr/share/pear/:/usr/share/webapps/) in phar:///srv/http/origen/composer.phar/src/Composer/XdebugHandler.php on line 173
[13-May-2017 15:14:26 UTC] PHP Stack trace:
[13-May-2017 15:14:26 UTC] PHP   1. {main}() /srv/http/origen/composer.phar:0
[13-May-2017 15:14:26 UTC] PHP   2. require() /srv/http/origen/composer.phar:24
[13-May-2017 15:14:26 UTC] PHP   3. Composer\XdebugHandler->check() phar:///srv/http/origen/composer.phar/bin/composer:19
[13-May-2017 15:14:26 UTC] PHP   4. Composer\XdebugHandler->prepareRestart() phar:///srv/http/origen/composer.phar/src/Composer/XdebugHandler.php:66
[13-May-2017 15:14:26 UTC] PHP   5. Composer\XdebugHandler->writeTmpIni() phar:///srv/http/origen/composer.phar/src/Composer/XdebugHandler.php:147
[13-May-2017 15:14:26 UTC] PHP   6. file_get_contents() phar:///srv/http/origen/composer.phar/src/Composer/XdebugHandler.php:173
[13-May-2017 15:14:26 UTC] PHP Warning:  file_get_contents(/etc/php/php.ini): failed to open stream: Operation not permitted in phar:///srv/http/origen/composer.phar/src/Composer/XdebugHandler.php on line 173
[13-May-2017 15:14:26 UTC] PHP Stack trace:
[13-May-2017 15:14:26 UTC] PHP   1. {main}() /srv/http/origen/composer.phar:0
[13-May-2017 15:14:26 UTC] PHP   2. require() /srv/http/origen/composer.phar:24
[13-May-2017 15:14:26 UTC] PHP   3. Composer\XdebugHandler->check() phar:///srv/http/origen/composer.phar/bin/composer:19
[13-May-2017 15:14:26 UTC] PHP   4. Composer\XdebugHandler->prepareRestart() phar:///srv/http/origen/composer.phar/src/Composer/XdebugHandler.php:66
[13-May-2017 15:14:26 UTC] PHP   5. Composer\XdebugHandler->writeTmpIni() phar:///srv/http/origen/composer.phar/src/Composer/XdebugHandler.php:147
[13-May-2017 15:14:26 UTC] PHP   6. file_get_contents() phar:///srv/http/origen/composer.phar/src/Composer/XdebugHandler.php:173
[13-May-2017 15:14:26 UTC] PHP Warning:  file_get_contents(): open_basedir restriction in effect. File(/etc/php/conf.d/xdebug.ini) is not within the allowed path(s): (/srv/http/:/home/:/tmp/:/usr/share/pear/:/usr/share/webapps/) in phar:///srv/http/origen/composer.phar/src/Composer/XdebugHandler.php on line 173
[13-May-2017 15:14:26 UTC] PHP Stack trace:
[13-May-2017 15:14:26 UTC] PHP   1. {main}() /srv/http/origen/composer.phar:0
[13-May-2017 15:14:26 UTC] PHP   2. require() /srv/http/origen/composer.phar:24
[13-May-2017 15:14:26 UTC] PHP   3. Composer\XdebugHandler->check() phar:///srv/http/origen/composer.phar/bin/composer:19
[13-May-2017 15:14:26 UTC] PHP   4. Composer\XdebugHandler->prepareRestart() phar:///srv/http/origen/composer.phar/src/Composer/XdebugHandler.php:66
[13-May-2017 15:14:26 UTC] PHP   5. Composer\XdebugHandler->writeTmpIni() phar:///srv/http/origen/composer.phar/src/Composer/XdebugHandler.php:147
[13-May-2017 15:14:26 UTC] PHP   6. file_get_contents() phar:///srv/http/origen/composer.phar/src/Composer/XdebugHandler.php:173
[13-May-2017 15:14:26 UTC] PHP Warning:  file_get_contents(/etc/php/conf.d/xdebug.ini): failed to open stream: Operation not permitted in phar:///srv/http/origen/composer.phar/src/Composer/XdebugHandler.php on line 173
[13-May-2017 15:14:26 UTC] PHP Stack trace:
[13-May-2017 15:14:26 UTC] PHP   1. {main}() /srv/http/origen/composer.phar:0
[13-May-2017 15:14:26 UTC] PHP   2. require() /srv/http/origen/composer.phar:24
[13-May-2017 15:14:26 UTC] PHP   3. Composer\XdebugHandler->check() phar:///srv/http/origen/composer.phar/bin/composer:19
[13-May-2017 15:14:26 UTC] PHP   4. Composer\XdebugHandler->prepareRestart() phar:///srv/http/origen/composer.phar/src/Composer/XdebugHandler.php:66
[13-May-2017 15:14:26 UTC] PHP   5. Composer\XdebugHandler->writeTmpIni() phar:///srv/http/origen/composer.phar/src/Composer/XdebugHandler.php:147
[13-May-2017 15:14:26 UTC] PHP   6. file_get_contents() phar:///srv/http/origen/composer.phar/src/Composer/XdebugHandler.php:173
[14-May-2017 21:18:26 UTC] PHP Warning:  PHP Startup: Unable to load dynamic library '/usr/lib/php/modules/openssl.so' - /usr/lib/php/modules/openssl.so: cannot open shared object file: No such file or directory in Unknown on line 0
[14-May-2017 21:18:26 UTC] PHP Warning:  PHP Startup: Unable to load dynamic library '/usr/lib/php/modules/phar.so' - /usr/lib/php/modules/phar.so: cannot open shared object file: No such file or directory in Unknown on line 0
[14-May-2017 21:18:26 UTC] PHP Warning:  file_get_contents(): open_basedir restriction in effect. File(/etc/php/php.ini) is not within the allowed path(s): (/srv/http/:/home/:/tmp/:/usr/share/pear/:/usr/share/webapps/) in phar:///srv/http/origen/composer.phar/src/Composer/XdebugHandler.php on line 173
[14-May-2017 21:18:26 UTC] PHP Stack trace:
[14-May-2017 21:18:26 UTC] PHP   1. {main}() /srv/http/origen/composer.phar:0
[14-May-2017 21:18:26 UTC] PHP   2. require() /srv/http/origen/composer.phar:24
[14-May-2017 21:18:26 UTC] PHP   3. Composer\XdebugHandler->check() phar:///srv/http/origen/composer.phar/bin/composer:19
[14-May-2017 21:18:26 UTC] PHP   4. Composer\XdebugHandler->prepareRestart() phar:///srv/http/origen/composer.phar/src/Composer/XdebugHandler.php:66
[14-May-2017 21:18:26 UTC] PHP   5. Composer\XdebugHandler->writeTmpIni() phar:///srv/http/origen/composer.phar/src/Composer/XdebugHandler.php:147
[14-May-2017 21:18:26 UTC] PHP   6. file_get_contents() phar:///srv/http/origen/composer.phar/src/Composer/XdebugHandler.php:173
[14-May-2017 21:18:26 UTC] PHP Warning:  file_get_contents(/etc/php/php.ini): failed to open stream: Operation not permitted in phar:///srv/http/origen/composer.phar/src/Composer/XdebugHandler.php on line 173
[14-May-2017 21:18:26 UTC] PHP Stack trace:
[14-May-2017 21:18:26 UTC] PHP   1. {main}() /srv/http/origen/composer.phar:0
[14-May-2017 21:18:26 UTC] PHP   2. require() /srv/http/origen/composer.phar:24
[14-May-2017 21:18:26 UTC] PHP   3. Composer\XdebugHandler->check() phar:///srv/http/origen/composer.phar/bin/composer:19
[14-May-2017 21:18:26 UTC] PHP   4. Composer\XdebugHandler->prepareRestart() phar:///srv/http/origen/composer.phar/src/Composer/XdebugHandler.php:66
[14-May-2017 21:18:26 UTC] PHP   5. Composer\XdebugHandler->writeTmpIni() phar:///srv/http/origen/composer.phar/src/Composer/XdebugHandler.php:147
[14-May-2017 21:18:26 UTC] PHP   6. file_get_contents() phar:///srv/http/origen/composer.phar/src/Composer/XdebugHandler.php:173
[14-May-2017 21:18:26 UTC] PHP Warning:  file_get_contents(): open_basedir restriction in effect. File(/etc/php/conf.d/xdebug.ini) is not within the allowed path(s): (/srv/http/:/home/:/tmp/:/usr/share/pear/:/usr/share/webapps/) in phar:///srv/http/origen/composer.phar/src/Composer/XdebugHandler.php on line 173
[14-May-2017 21:18:26 UTC] PHP Stack trace:
[14-May-2017 21:18:26 UTC] PHP   1. {main}() /srv/http/origen/composer.phar:0
[14-May-2017 21:18:26 UTC] PHP   2. require() /srv/http/origen/composer.phar:24
[14-May-2017 21:18:26 UTC] PHP   3. Composer\XdebugHandler->check() phar:///srv/http/origen/composer.phar/bin/composer:19
[14-May-2017 21:18:26 UTC] PHP   4. Composer\XdebugHandler->prepareRestart() phar:///srv/http/origen/composer.phar/src/Composer/XdebugHandler.php:66
[14-May-2017 21:18:26 UTC] PHP   5. Composer\XdebugHandler->writeTmpIni() phar:///srv/http/origen/composer.phar/src/Composer/XdebugHandler.php:147
[14-May-2017 21:18:26 UTC] PHP   6. file_get_contents() phar:///srv/http/origen/composer.phar/src/Composer/XdebugHandler.php:173
[14-May-2017 21:18:26 UTC] PHP Warning:  file_get_contents(/etc/php/conf.d/xdebug.ini): failed to open stream: Operation not permitted in phar:///srv/http/origen/composer.phar/src/Composer/XdebugHandler.php on line 173
[14-May-2017 21:18:26 UTC] PHP Stack trace:
[14-May-2017 21:18:26 UTC] PHP   1. {main}() /srv/http/origen/composer.phar:0
[14-May-2017 21:18:26 UTC] PHP   2. require() /srv/http/origen/composer.phar:24
[14-May-2017 21:18:26 UTC] PHP   3. Composer\XdebugHandler->check() phar:///srv/http/origen/composer.phar/bin/composer:19
[14-May-2017 21:18:26 UTC] PHP   4. Composer\XdebugHandler->prepareRestart() phar:///srv/http/origen/composer.phar/src/Composer/XdebugHandler.php:66
[14-May-2017 21:18:26 UTC] PHP   5. Composer\XdebugHandler->writeTmpIni() phar:///srv/http/origen/composer.phar/src/Composer/XdebugHandler.php:147
[14-May-2017 21:18:26 UTC] PHP   6. file_get_contents() phar:///srv/http/origen/composer.phar/src/Composer/XdebugHandler.php:173
[14-May-2017 21:25:44 UTC] PHP Warning:  PHP Startup: Unable to load dynamic library '/usr/lib/php/modules/openssl.so' - /usr/lib/php/modules/openssl.so: cannot open shared object file: No such file or directory in Unknown on line 0
[14-May-2017 21:25:45 UTC] PHP Warning:  PHP Startup: Unable to load dynamic library '/usr/lib/php/modules/phar.so' - /usr/lib/php/modules/phar.so: cannot open shared object file: No such file or directory in Unknown on line 0
[14-May-2017 21:26:26 UTC] PHP Warning:  PHP Startup: Unable to load dynamic library '/usr/lib/php/modules/openssl.so' - /usr/lib/php/modules/openssl.so: cannot open shared object file: No such file or directory in Unknown on line 0
[14-May-2017 21:26:26 UTC] PHP Warning:  PHP Startup: Unable to load dynamic library '/usr/lib/php/modules/phar.so' - /usr/lib/php/modules/phar.so: cannot open shared object file: No such file or directory in Unknown on line 0
[14-May-2017 21:26:55 UTC] PHP Warning:  PHP Startup: Unable to load dynamic library '/usr/lib/php/modules/openssl.so' - /usr/lib/php/modules/openssl.so: cannot open shared object file: No such file or directory in Unknown on line 0
[14-May-2017 21:26:55 UTC] PHP Warning:  PHP Startup: Unable to load dynamic library '/usr/lib/php/modules/phar.so' - /usr/lib/php/modules/phar.so: cannot open shared object file: No such file or directory in Unknown on line 0
[14-May-2017 21:27:03 UTC] PHP Warning:  PHP Startup: Unable to load dynamic library '/usr/lib/php/modules/openssl.so' - /usr/lib/php/modules/openssl.so: cannot open shared object file: No such file or directory in Unknown on line 0
[14-May-2017 21:27:03 UTC] PHP Warning:  PHP Startup: Unable to load dynamic library '/usr/lib/php/modules/phar.so' - /usr/lib/php/modules/phar.so: cannot open shared object file: No such file or directory in Unknown on line 0
[14-May-2017 21:39:04 UTC] PHP Warning:  PHP Startup: Unable to load dynamic library '/usr/lib/php/modules/openssl.so' - /usr/lib/php/modules/openssl.so: cannot open shared object file: No such file or directory in Unknown on line 0
[14-May-2017 21:39:04 UTC] PHP Warning:  PHP Startup: Unable to load dynamic library '/usr/lib/php/modules/phar.so' - /usr/lib/php/modules/phar.so: cannot open shared object file: No such file or directory in Unknown on line 0
[14-May-2017 21:40:40 UTC] PHP Warning:  PHP Startup: Unable to load dynamic library '/usr/lib/php/modules/openssl.so' - /usr/lib/php/modules/openssl.so: cannot open shared object file: No such file or directory in Unknown on line 0
[14-May-2017 21:40:40 UTC] PHP Warning:  PHP Startup: Unable to load dynamic library '/usr/lib/php/modules/phar.so' - /usr/lib/php/modules/phar.so: cannot open shared object file: No such file or directory in Unknown on line 0
[14-May-2017 21:41:25 UTC] PHP Warning:  PHP Startup: Unable to load dynamic library '/usr/lib/php/modules/openssl.so' - /usr/lib/php/modules/openssl.so: cannot open shared object file: No such file or directory in Unknown on line 0
[14-May-2017 21:41:25 UTC] PHP Warning:  PHP Startup: Unable to load dynamic library '/usr/lib/php/modules/phar.so' - /usr/lib/php/modules/phar.so: cannot open shared object file: No such file or directory in Unknown on line 0
[14-May-2017 21:41:40 UTC] PHP Warning:  PHP Startup: Unable to load dynamic library '/usr/lib/php/modules/openssl.so' - /usr/lib/php/modules/openssl.so: cannot open shared object file: No such file or directory in Unknown on line 0
[14-May-2017 21:41:40 UTC] PHP Warning:  PHP Startup: Unable to load dynamic library '/usr/lib/php/modules/phar.so' - /usr/lib/php/modules/phar.so: cannot open shared object file: No such file or directory in Unknown on line 0
[19-Jul-2017 04:11:33 UTC] PHP Warning:  PHP Startup: Unable to load dynamic library '/usr/lib/php/modules/openssl.so' - /usr/lib/php/modules/openssl.so: cannot open shared object file: No such file or directory in Unknown on line 0
[19-Jul-2017 04:11:33 UTC] PHP Warning:  PHP Startup: Unable to load dynamic library '/usr/lib/php/modules/phar.so' - /usr/lib/php/modules/phar.so: cannot open shared object file: No such file or directory in Unknown on line 0
